Base path: C:/Program Files/Unity/Editor/Data
Pipe name: \\.\pipe\UnityShaderCompiler-64bit-1-11292
Cmd: getPlatforms
Cmd: compileSnippet
  api=4 type=0 insize=4837 outsize=4020 kw=POINT pd= ok=1
Cmd: compileSnippet
  api=4 type=1 insize=4837 outsize=2736 kw=POINT pd= ok=1
Cmd: preprocess
  insize=3516 outsize=2556 ok=1
Cmd: compileSnippet
  api=4 type=0 insize=788 outsize=1534 kw=SHADOWS_DEPTH pd= ok=1
Cmd: compileSnippet
  api=4 type=1 insize=788 outsize=908 kw=SHADOWS_DEPTH pd= ok=1
Cmd: compileSnippet
  api=4 type=0 insize=7384 outsize=3663 kw=DIRECTIONAL LIGHTMAP_OFF DIRLIGHTMAP_OFF DYNAMICLIGHTMAP_OFF pd= ok=1
Cmd: compileSnippet
  api=4 type=1 insize=7384 outsize=2143 kw=DIRECTIONAL LIGHTMAP_OFF DIRLIGHTMAP_OFF DYNAMICLIGHTMAP_OFF pd= ok=1
Cmd: compileSnippet
  api=4 type=0 insize=4155 outsize=2753 kw=POINT pd= ok=1
Cmd: compileSnippet
  api=4 type=1 insize=4155 outsize=2777 kw=POINT pd= ok=1
Cmd: compileSnippet
  api=4 type=0 insize=3677 outsize=2484 kw= pd= ok=1
Cmd: compileSnippet
  api=4 type=1 insize=3677 outsize=2143 kw= pd= ok=1
Cmd: preprocess
  insize=2202 outsize=1050 ok=1
Cmd: compileSnippet
  api=4 type=0 insize=1454 outsize=1290 kw= pd= ok=1
Cmd: compileSnippet
  api=4 type=1 insize=1454 outsize=1258 kw= pd= ok=1
Cmd: preprocess
  insize=4632 outsize=2728 ok=1
Cmd: compileSnippet
  api=4 type=0 insize=1250 outsize=1290 kw= pd= ok=1
Cmd: compileSnippet
  api=4 type=1 insize=1250 outsize=1249 kw= pd= ok=1
Cmd: compileSnippet
  api=4 type=0 insize=1261 outsize=1290 kw= pd= ok=1
Cmd: compileSnippet
  api=4 type=1 insize=1261 outsize=1258 kw= pd= ok=1
Cmd: preprocess
  insize=4409 outsize=2489 ok=1
Cmd: compileSnippet
  api=4 type=0 insize=1262 outsize=1290 kw= pd= ok=1
Cmd: compileSnippet
  api=4 type=1 insize=1262 outsize=1136 kw= pd= ok=1
Cmd: compileSnippet
  api=4 type=0 insize=1264 outsize=1290 kw= pd= ok=1
Cmd: compileSnippet
  api=4 type=1 insize=1264 outsize=1258 kw= pd= ok=1
Cmd: preprocess
  insize=2190 outsize=844 ok=1
Cmd: compileSnippet
  api=4 type=0 insize=1644 outsize=1290 kw= pd= ok=1
Cmd: compileSnippet
  api=4 type=1 insize=1644 outsize=1656 kw= pd= ok=1
Cmd: preprocess
  insize=4145 outsize=2434 ok=1
Cmd: compileSnippet
  api=4 type=0 insize=1153 outsize=1290 kw= pd= ok=1
Cmd: compileSnippet
  api=4 type=1 insize=1153 outsize=1006 kw= pd= ok=1
Cmd: compileSnippet
  api=4 type=0 insize=1164 outsize=1290 kw= pd= ok=1
Cmd: compileSnippet
  api=4 type=1 insize=1164 outsize=1014 kw= pd= ok=1
Cmd: preprocess
  insize=4632 outsize=2728 ok=1
Cmd: preprocess
  insize=10582 outsize=2683 ok=1
Cmd: compileSnippet
  api=4 type=0 insize=5309 outsize=2655 kw=DIRECTIONAL LIGHTMAP_OFF DIRLIGHTMAP_OFF DYNAMICLIGHTMAP_OFF pd= ok=1
Cmd: compileSnippet
  api=4 type=1 insize=5309 outsize=2151 kw=DIRECTIONAL LIGHTMAP_OFF DIRLIGHTMAP_OFF DYNAMICLIGHTMAP_OFF pd= ok=1
Cmd: compileSnippet
  api=4 type=0 insize=3197 outsize=2923 kw=POINT pd= ok=1
Cmd: compileSnippet
  api=4 type=1 insize=3197 outsize=2452 kw=POINT pd= ok=1
Cmd: preprocess
  insize=1038 outsize=1035 ok=1
Cmd: preprocess
  insize=2180 outsize=834 ok=1
Cmd: preprocess
  insize=2277 outsize=1208 ok=1
Cmd: compileSnippet
  api=4 type=0 insize=1371 outsize=1290 kw= pd= ok=1
Cmd: compileSnippet
  api=4 type=1 insize=1371 outsize=1136 kw= pd= ok=1
Cmd: preprocess
  insize=2014 outsize=877 ok=1
Cmd: compileSnippet
  api=4 type=0 insize=1439 outsize=1290 kw= pd= ok=1
Cmd: compileSnippet
  api=4 type=1 insize=1439 outsize=1103 kw= pd= ok=1
Cmd: preprocess
  insize=2023 outsize=676 ok=1
Cmd: compileSnippet
  api=4 type=0 insize=1646 outsize=1290 kw= pd= ok=1
Cmd: compileSnippet
  api=4 type=1 insize=1646 outsize=1656 kw= pd= ok=1
Cmd: preprocess
  insize=3171 outsize=1812 ok=1
Cmd: compileSnippet
  api=4 type=0 insize=797 outsize=1534 kw=SHADOWS_DEPTH pd= ok=1
Cmd: compileSnippet
  api=4 type=1 insize=797 outsize=664 kw=SHADOWS_DEPTH pd= ok=1
Cmd: compileSnippet
  api=4 type=0 insize=678 outsize=778 kw= pd= ok=1
Cmd: compileSnippet
  api=4 type=1 insize=678 outsize=453 kw= pd= ok=1
Cmd: preprocess
  insize=4409 outsize=2489 ok=1
Cmd: preprocess
  insize=2014 outsize=877 ok=1
Cmd: preprocess
  insize=3664 outsize=1224 ok=1
Cmd: compileSnippet
  api=4 type=0 insize=839 outsize=1534 kw=SHADOWS_DEPTH pd= ok=1
Cmd: compileSnippet
  api=4 type=1 insize=839 outsize=1095 kw=SHADOWS_DEPTH pd= ok=1
Cmd: compileSnippet
  api=4 type=0 insize=1666 outsize=1290 kw= pd= ok=1
Cmd: compileSnippet
  api=4 type=1 insize=1666 outsize=1656 kw= pd= ok=1
Cmd: preprocess
  insize=2202 outsize=1050 ok=1
Cmd: preprocess
  insize=2190 outsize=844 ok=1
Cmd: preprocess
  insize=4145 outsize=2434 ok=1
Cmd: preprocess
  insize=1038 outsize=1035 ok=1
Cmd: preprocess
  insize=2023 outsize=676 ok=1
Cmd: preprocess
  insize=2180 outsize=834 ok=1
Cmd: preprocess
  insize=2266 outsize=1158 ok=1
Cmd: compileSnippet
  api=4 type=0 insize=1410 outsize=1290 kw= pd= ok=1
Cmd: compileSnippet
  api=4 type=1 insize=1410 outsize=1136 kw= pd= ok=1
Cmd: preprocess
  insize=2130 outsize=778 ok=1
Cmd: compileSnippet
  api=4 type=0 insize=1654 outsize=1290 kw= pd= ok=1
Cmd: compileSnippet
  api=4 type=1 insize=1654 outsize=1534 kw= pd= ok=1
Cmd: preprocess
  insize=2266 outsize=1158 ok=1
Cmd: preprocess
  insize=2130 outsize=778 ok=1
Cmd: preprocess
  insize=3516 outsize=2556 ok=1
Cmd: preprocess
  insize=4569 outsize=2664 ok=1
Cmd: compileSnippet
  api=4 type=0 insize=1250 outsize=1290 kw= pd= ok=1
Cmd: compileSnippet
  api=4 type=1 insize=1250 outsize=1249 kw= pd= ok=1
Cmd: compileSnippet
  api=4 type=0 insize=1261 outsize=1290 kw= pd= ok=1
Cmd: compileSnippet
  api=4 type=1 insize=1261 outsize=1258 kw= pd= ok=1
Cmd: preprocess
  insize=12185 outsize=3235 ok=1
Cmd: compileSnippet
  api=4 type=0 insize=841 outsize=1534 kw=SHADOWS_DEPTH pd= ok=1
Cmd: compileSnippet
  api=4 type=1 insize=841 outsize=1095 kw=SHADOWS_DEPTH pd= ok=1
Cmd: compileSnippet
  api=4 type=0 insize=5299 outsize=2655 kw=DIRECTIONAL LIGHTMAP_OFF DIRLIGHTMAP_OFF DYNAMICLIGHTMAP_OFF pd= ok=1
Cmd: compileSnippet
  api=4 type=1 insize=5299 outsize=2151 kw=DIRECTIONAL LIGHTMAP_OFF DIRLIGHTMAP_OFF DYNAMICLIGHTMAP_OFF pd= ok=1
Cmd: compileSnippet
  api=4 type=0 insize=3180 outsize=2923 kw=POINT pd= ok=1
Cmd: compileSnippet
  api=4 type=1 insize=3180 outsize=2452 kw=POINT pd= ok=1
Cmd: preprocess
  insize=4569 outsize=2664 ok=1
Cmd: preprocess
  insize=3171 outsize=1812 ok=1
Cmd: preprocess
  insize=3664 outsize=1224 ok=1
Cmd: preprocess
  insize=9734 outsize=2443 ok=1
Cmd: compileSnippet
  error: 2 plat 4 at (226): 'LightingLambert': cannot implicitly convert from 'half3' to 'struct UnityGI'\nCompiling Vertex program with DIRECTIONAL LIGHTMAP_OFF DIRLIGHTMAP_OFF DYNAMICLIGHTMAP_OFF
  api=4 type=0 insize=5005 outsize=0 kw=DIRECTIONAL LIGHTMAP_OFF DIRLIGHTMAP_OFF DYNAMICLIGHTMAP_OFF pd= ok=0
Cmd: preprocess
  insize=11104 outsize=2755 ok=1
Cmd: compileSnippet
  api=4 type=0 insize=841 outsize=1534 kw=SHADOWS_DEPTH pd= ok=1
Cmd: compileSnippet
  api=4 type=1 insize=841 outsize=1095 kw=SHADOWS_DEPTH pd= ok=1
Cmd: compileSnippet
  error: 2 plat 4 at (226): 'LightingLambert': cannot implicitly convert from 'half3' to 'struct UnityGI'\nCompiling Vertex program with DIRECTIONAL LIGHTMAP_OFF DIRLIGHTMAP_OFF DYNAMICLIGHTMAP_OFF
  api=4 type=0 insize=4995 outsize=0 kw=DIRECTIONAL LIGHTMAP_OFF DIRLIGHTMAP_OFF DYNAMICLIGHTMAP_OFF pd= ok=0
Cmd: preprocess
  insize=2277 outsize=1208 ok=1
Cmd: compileSnippet
  api=4 type=0 insize=1333 outsize=1404 kw= pd= ok=1
Cmd: compileSnippet
  api=4 type=1 insize=1333 outsize=1168 kw= pd= ok=1
Cmd: compileSnippet
  api=4 type=0 insize=1329 outsize=1404 kw= pd= ok=1
Cmd: compileSnippet
  api=4 type=1 insize=1329 outsize=1168 kw= pd= ok=1
Cmd: compileSnippet
  api=4 type=0 insize=1329 outsize=1404 kw= pd= ok=1
Cmd: compileSnippet
  api=4 type=1 insize=1329 outsize=1168 kw= pd= ok=1
Cmd: compileSnippet
  api=4 type=0 insize=1333 outsize=1404 kw= pd= ok=1
Cmd: compileSnippet
  api=4 type=1 insize=1333 outsize=1168 kw= pd= ok=1
Cmd: compileSnippet
  api=4 type=0 insize=1321 outsize=1404 kw= pd= ok=1
Cmd: compileSnippet
  api=4 type=1 insize=1321 outsize=1168 kw= pd= ok=1
Cmd: compileSnippet
  api=4 type=0 insize=1331 outsize=1404 kw= pd= ok=1
Cmd: compileSnippet
  api=4 type=1 insize=1331 outsize=1168 kw= pd= ok=1
Cmd: preprocess
  insize=9734 outsize=2443 ok=1
Cmd: compileSnippet
  error: 2 plat 4 at (226): 'LightingLambert': cannot implicitly convert from 'half3' to 'struct UnityGI'\nCompiling Vertex program with DIRECTIONAL LIGHTMAP_OFF DIRLIGHTMAP_OFF DYNAMICLIGHTMAP_OFF
  api=4 type=0 insize=5005 outsize=0 kw=DIRECTIONAL LIGHTMAP_OFF DIRLIGHTMAP_OFF DYNAMICLIGHTMAP_OFF pd= ok=0
Cmd: preprocess
  insize=11104 outsize=2755 ok=1
Cmd: compileSnippet
  error: 2 plat 4 at (226): 'LightingLambert': cannot implicitly convert from 'half3' to 'struct UnityGI'\nCompiling Vertex program with DIRECTIONAL LIGHTMAP_OFF DIRLIGHTMAP_OFF DYNAMICLIGHTMAP_OFF
  api=4 type=0 insize=4995 outsize=0 kw=DIRECTIONAL LIGHTMAP_OFF DIRLIGHTMAP_OFF DYNAMICLIGHTMAP_OFF pd= ok=0
Cmd: preprocess
  insize=3516 outsize=2556 ok=1
Cmd: preprocess
  insize=2202 outsize=1050 ok=1
Cmd: preprocess
  insize=4632 outsize=2728 ok=1
Cmd: preprocess
  insize=4409 outsize=2489 ok=1
Cmd: preprocess
  insize=2190 outsize=844 ok=1
Cmd: preprocess
  insize=4145 outsize=2434 ok=1
Cmd: preprocess
  insize=10582 outsize=2683 ok=1
Cmd: preprocess
  insize=3171 outsize=1812 ok=1
Cmd: preprocess
  insize=2014 outsize=877 ok=1
Cmd: preprocess
  insize=3664 outsize=1224 ok=1
Cmd: preprocess
  insize=1038 outsize=1035 ok=1
Cmd: preprocess
  insize=2023 outsize=676 ok=1
Cmd: preprocess
  insize=2180 outsize=834 ok=1
Cmd: preprocess
  insize=2130 outsize=778 ok=1
Cmd: preprocess
  insize=2266 outsize=1158 ok=1
Cmd: preprocess
  insize=4569 outsize=2664 ok=1
Cmd: preprocess
  insize=12185 outsize=3235 ok=1
Cmd: preprocess
  insize=2277 outsize=1208 ok=1
Cmd: compileSnippet
  api=4 type=0 insize=751 outsize=3776 kw=SHADOWS_DEPTH _ALPHATEST_ON pd= ok=1
Cmd: compileSnippet
  api=4 type=1 insize=751 outsize=835 kw=SHADOWS_DEPTH _ALPHATEST_ON pd= ok=1
Cmd: compileSnippet
  api=4 type=0 insize=982 outsize=3979 kw=DIRECTIONAL SHADOWS_OFF LIGHTMAP_OFF DIRLIGHTMAP_OFF DYNAMICLIGHTMAP_OFF _ALPHATEST_ON pd= ok=1
Cmd: compileSnippet
  api=4 type=1 insize=982 outsize=10796 kw=DIRECTIONAL SHADOWS_OFF LIGHTMAP_OFF DIRLIGHTMAP_OFF DYNAMICLIGHTMAP_OFF _ALPHATEST_ON pd= ok=1
Cmd: compileSnippet
  api=4 type=0 insize=938 outsize=4101 kw=DIRECTIONAL SHADOWS_OFF _ALPHATEST_ON pd= ok=1
Cmd: compileSnippet
  api=4 type=1 insize=938 outsize=5718 kw=DIRECTIONAL SHADOWS_OFF _ALPHATEST_ON pd= ok=1
Cmd: compileSnippet
  api=1 type=0 insize=982 outsize=842 kw=DIRECTIONAL SHADOWS_OFF LIGHTMAP_OFF DIRLIGHTMAP_OFF DYNAMICLIGHTMAP_OFF _ALPHATEST_ON pd= ok=1
Cmd: compileSnippet
  api=4 type=0 insize=982 outsize=4337 kw=DIRECTIONAL SHADOWS_SCREEN LIGHTMAP_OFF DIRLIGHTMAP_OFF DYNAMICLIGHTMAP_OFF _ALPHATEST_ON pd= ok=1
Cmd: compileSnippet
  api=4 type=0 insize=982 outsize=5393 kw=DIRECTIONAL SHADOWS_OFF LIGHTMAP_OFF DIRLIGHTMAP_OFF DYNAMICLIGHTMAP_OFF VERTEXLIGHT_ON _ALPHATEST_ON pd= ok=1
Cmd: compileSnippet
  api=4 type=0 insize=982 outsize=5751 kw=DIRECTIONAL SHADOWS_SCREEN LIGHTMAP_OFF DIRLIGHTMAP_OFF DYNAMICLIGHTMAP_OFF VERTEXLIGHT_ON _ALPHATEST_ON pd= ok=1
Cmd: compileSnippet
  api=1 type=1 insize=982 outsize=3791 kw=DIRECTIONAL SHADOWS_OFF LIGHTMAP_OFF DIRLIGHTMAP_OFF DYNAMICLIGHTMAP_OFF _ALPHATEST_ON pd= ok=1
Cmd: compileSnippet
  api=4 type=1 insize=982 outsize=11105 kw=DIRECTIONAL SHADOWS_SCREEN LIGHTMAP_OFF DIRLIGHTMAP_OFF DYNAMICLIGHTMAP_OFF _ALPHATEST_ON pd= ok=1
Cmd: compileSnippet
  api=4 type=0 insize=938 outsize=4792 kw=POINT SHADOWS_OFF _ALPHATEST_ON pd= ok=1
Cmd: compileSnippet
  api=1 type=0 insize=938 outsize=937 kw=SPOT SHADOWS_OFF _ALPHATEST_ON pd= ok=1
Cmd: compileSnippet
  api=1 type=0 insize=938 outsize=923 kw=POINT_COOKIE SHADOWS_OFF _ALPHATEST_ON pd= ok=1
Cmd: compileSnippet
  api=1 type=0 insize=938 outsize=904 kw=DIRECTIONAL_COOKIE SHADOWS_OFF _ALPHATEST_ON pd= ok=1
Cmd: compileSnippet
  api=4 type=0 insize=938 outsize=4792 kw=DIRECTIONAL_COOKIE SHADOWS_OFF _ALPHATEST_ON pd= ok=1
Cmd: compileSnippet
  api=1 type=0 insize=938 outsize=999 kw=DIRECTIONAL SHADOWS_SCREEN _ALPHATEST_ON pd= ok=1
Cmd: compileSnippet
  api=4 type=0 insize=938 outsize=4459 kw=DIRECTIONAL SHADOWS_SCREEN _ALPHATEST_ON pd= ok=1
Cmd: compileSnippet
  api=1 type=0 insize=938 outsize=965 kw=POINT SHADOWS_CUBE _ALPHATEST_ON pd= ok=1
Cmd: compileSnippet
  api=4 type=0 insize=938 outsize=4938 kw=POINT SHADOWS_CUBE _ALPHATEST_ON pd= ok=1
Cmd: compileSnippet
  api=4 type=0 insize=938 outsize=4938 kw=POINT_COOKIE SHADOWS_CUBE _ALPHATEST_ON pd= ok=1
Cmd: compileSnippet
  api=1 type=0 insize=938 outsize=965 kw=POINT SHADOWS_CUBE SHADOWS_SOFT _ALPHATEST_ON pd= ok=1
Cmd: compileSnippet
  api=1 type=0 insize=938 outsize=965 kw=POINT_COOKIE SHADOWS_CUBE SHADOWS_SOFT _ALPHATEST_ON pd= ok=1
Cmd: compileSnippet
  api=4 type=0 insize=938 outsize=4938 kw=POINT_COOKIE SHADOWS_CUBE SHADOWS_SOFT _ALPHATEST_ON pd= ok=1
Cmd: compileSnippet
  api=1 type=1 insize=938 outsize=2203 kw=POINT SHADOWS_OFF _ALPHATEST_ON pd= ok=1
Cmd: compileSnippet
  api=1 type=1 insize=938 outsize=2332 kw=SPOT SHADOWS_OFF _ALPHATEST_ON pd= ok=1
Cmd: compileSnippet
  api=1 type=1 insize=938 outsize=2253 kw=POINT_COOKIE SHADOWS_OFF _ALPHATEST_ON pd= ok=1
Cmd: compileSnippet
  api=1 type=1 insize=938 outsize=2165 kw=DIRECTIONAL_COOKIE SHADOWS_OFF _ALPHATEST_ON pd= ok=1
Cmd: compileSnippet
  api=4 type=1 insize=938 outsize=7229 kw=SPOT SHADOWS_DEPTH SHADOWS_NATIVE _ALPHATEST_ON pd= ok=1
Cmd: compileSnippet
  api=1 type=1 insize=938 outsize=2163 kw=DIRECTIONAL SHADOWS_SCREEN _ALPHATEST_ON pd= ok=1
Cmd: compileSnippet
  api=1 type=1 insize=938 outsize=2234 kw=DIRECTIONAL_COOKIE SHADOWS_SCREEN _ALPHATEST_ON pd= ok=1
Cmd: compileSnippet
  api=4 type=1 insize=938 outsize=6896 kw=POINT SHADOWS_CUBE _ALPHATEST_ON pd= ok=1
Cmd: compileSnippet
  api=4 type=1 insize=938 outsize=7083 kw=POINT_COOKIE SHADOWS_CUBE _ALPHATEST_ON pd= ok=1
Cmd: compileSnippet
  api=4 type=1 insize=938 outsize=7839 kw=SPOT SHADOWS_DEPTH SHADOWS_SOFT SHADOWS_NATIVE _ALPHATEST_ON pd= ok=1
Cmd: compileSnippet
  api=1 type=1 insize=938 outsize=2668 kw=POINT SHADOWS_CUBE SHADOWS_SOFT _ALPHATEST_ON pd= ok=1
Cmd: compileSnippet
  api=4 type=1 insize=938 outsize=7855 kw=POINT_COOKIE SHADOWS_CUBE SHADOWS_SOFT _ALPHATEST_ON pd= ok=1
Cmd: compileSnippet
  api=1 type=0 insize=751 outsize=879 kw=SHADOWS_DEPTH _ALPHATEST_ON pd= ok=1
Cmd: compileSnippet
  api=1 type=1 insize=751 outsize=167 kw=SHADOWS_DEPTH _ALPHATEST_ON pd= ok=1
Cmd: compileSnippet
  api=4 type=1 insize=751 outsize=1038 kw=SHADOWS_CUBE _ALPHATEST_ON pd= ok=1
Cmd: compileSnippet
  api=1 type=0 insize=1152 outsize=842 kw=LIGHTMAP_OFF DIRLIGHTMAP_OFF DYNAMICLIGHTMAP_OFF _ALPHATEST_ON pd= ok=1
Cmd: compileSnippet
  api=1 type=0 insize=1152 outsize=1073 kw=LIGHTMAP_OFF DIRLIGHTMAP_COMBINED DYNAMICLIGHTMAP_OFF _ALPHATEST_ON pd= ok=1
Cmd: compileSnippet
  api=4 type=0 insize=1152 outsize=4703 kw=LIGHTMAP_OFF DIRLIGHTMAP_SEPARATE DYNAMICLIGHTMAP_OFF _ALPHATEST_ON pd= ok=1
Cmd: compileSnippet
  api=4 type=0 insize=1152 outsize=3979 kw=LIGHTMAP_OFF DIRLIGHTMAP_OFF DYNAMICLIGHTMAP_OFF UNITY_HDR_ON _ALPHATEST_ON pd= ok=1
Cmd: compileSnippet
  api=4 type=0 insize=1152 outsize=4703 kw=LIGHTMAP_OFF DIRLIGHTMAP_COMBINED DYNAMICLIGHTMAP_OFF UNITY_HDR_ON _ALPHATEST_ON pd= ok=1
Cmd: compileSnippet
  api=1 type=0 insize=1152 outsize=1073 kw=LIGHTMAP_OFF DIRLIGHTMAP_SEPARATE DYNAMICLIGHTMAP_OFF UNITY_HDR_ON _ALPHATEST_ON pd= ok=1
Cmd: compileSnippet
  api=4 type=1 insize=1152 outsize=2996 kw=LIGHTMAP_OFF DIRLIGHTMAP_OFF DYNAMICLIGHTMAP_OFF _ALPHATEST_ON pd= ok=1
Cmd: compileSnippet
  api=1 type=1 insize=1152 outsize=728 kw=LIGHTMAP_OFF DIRLIGHTMAP_COMBINED DYNAMICLIGHTMAP_OFF _ALPHATEST_ON pd= ok=1
Cmd: compileSnippet
  api=1 type=1 insize=1152 outsize=728 kw=LIGHTMAP_OFF DIRLIGHTMAP_SEPARATE DYNAMICLIGHTMAP_OFF _ALPHATEST_ON pd= ok=1
Cmd: compileSnippet
  api=1 type=1 insize=1152 outsize=669 kw=LIGHTMAP_OFF DIRLIGHTMAP_OFF DYNAMICLIGHTMAP_OFF UNITY_HDR_ON _ALPHATEST_ON pd= ok=1
Cmd: compileSnippet
  api=1 type=1 insize=1152 outsize=669 kw=LIGHTMAP_OFF DIRLIGHTMAP_COMBINED DYNAMICLIGHTMAP_OFF UNITY_HDR_ON _ALPHATEST_ON pd= ok=1
Cmd: compileSnippet
  api=4 type=1 insize=1152 outsize=2948 kw=LIGHTMAP_OFF DIRLIGHTMAP_SEPARATE DYNAMICLIGHTMAP_OFF UNITY_HDR_ON _ALPHATEST_ON pd= ok=1
Cmd: compileSnippet
  api=1 type=0 insize=886 outsize=851 kw=DIRECTIONAL SHADOWS_OFF LIGHTMAP_OFF DIRLIGHTMAP_OFF DYNAMICLIGHTMAP_OFF _ALPHATEST_ON pd= ok=1
Cmd: compileSnippet
  api=8 type=0 insize=886 outsize=6346 kw=DIRECTIONAL SHADOWS_OFF LIGHTMAP_OFF DIRLIGHTMAP_OFF DYNAMICLIGHTMAP_OFF _ALPHATEST_ON pd=UNITY_NO_SCREENSPACE_SHADOWS UNITY_NO_LINEAR_COLORSPACE ok=1
Cmd: compileSnippet
  api=1 type=0 insize=886 outsize=1345 kw=DIRECTIONAL SHADOWS_OFF LIGHTMAP_OFF DIRLIGHTMAP_OFF DYNAMICLIGHTMAP_OFF VERTEXLIGHT_ON _ALPHATEST_ON pd= ok=1
Cmd: compileSnippet
  api=8 type=0 insize=886 outsize=8653 kw=DIRECTIONAL SHADOWS_OFF LIGHTMAP_OFF DIRLIGHTMAP_OFF DYNAMICLIGHTMAP_OFF VERTEXLIGHT_ON _ALPHATEST_ON pd=UNITY_NO_SCREENSPACE_SHADOWS UNITY_NO_LINEAR_COLORSPACE ok=1
Cmd: compileSnippet
  api=8 type=0 insize=886 outsize=7402 kw=DIRECTIONAL SHADOWS_SCREEN SHADOWS_NATIVE LIGHTMAP_OFF DIRLIGHTMAP_OFF DYNAMICLIGHTMAP_OFF _ALPHATEST_ON pd=UNITY_NO_SCREENSPACE_SHADOWS UNITY_NO_LINEAR_COLORSPACE ok=1
Cmd: compileSnippet
  api=1 type=1 insize=886 outsize=1193 kw=DIRECTIONAL SHADOWS_OFF LIGHTMAP_OFF DIRLIGHTMAP_OFF DYNAMICLIGHTMAP_OFF _ALPHATEST_ON pd= ok=1
Cmd: compileSnippet
  api=8 type=1 insize=886 outsize=6069 kw=DIRECTIONAL SHADOWS_OFF LIGHTMAP_OFF DIRLIGHTMAP_OFF DYNAMICLIGHTMAP_OFF _ALPHATEST_ON pd=UNITY_NO_SCREENSPACE_SHADOWS UNITY_NO_LINEAR_COLORSPACE ok=1
Cmd: compileSnippet
  api=8 type=1 insize=886 outsize=6784 kw=DIRECTIONAL SHADOWS_SCREEN SHADOWS_NATIVE LIGHTMAP_OFF DIRLIGHTMAP_OFF DYNAMICLIGHTMAP_OFF _ALPHATEST_ON pd=UNITY_NO_SCREENSPACE_SHADOWS UNITY_NO_LINEAR_COLORSPACE ok=1
Cmd: compileSnippet
  api=1 type=0 insize=816 outsize=893 kw=POINT SHADOWS_OFF _ALPHATEST_ON pd= ok=1
Cmd: compileSnippet
  api=8 type=0 insize=816 outsize=7410 kw=POINT SHADOWS_OFF _ALPHATEST_ON pd=UNITY_NO_SCREENSPACE_SHADOWS UNITY_NO_LINEAR_COLORSPACE ok=1
Cmd: compileSnippet
  api=8 type=0 insize=816 outsize=6208 kw=DIRECTIONAL SHADOWS_OFF _ALPHATEST_ON pd=UNITY_NO_SCREENSPACE_SHADOWS UNITY_NO_LINEAR_COLORSPACE ok=1
Cmd: compileSnippet
  api=8 type=0 insize=816 outsize=7410 kw=SPOT SHADOWS_OFF _ALPHATEST_ON pd=UNITY_NO_SCREENSPACE_SHADOWS UNITY_NO_LINEAR_COLORSPACE ok=1
Cmd: compileSnippet
  api=8 type=0 insize=816 outsize=7410 kw=POINT_COOKIE SHADOWS_OFF _ALPHATEST_ON pd=UNITY_NO_SCREENSPACE_SHADOWS UNITY_NO_LINEAR_COLORSPACE ok=1
Cmd: compileSnippet
  api=8 type=0 insize=816 outsize=7231 kw=DIRECTIONAL_COOKIE SHADOWS_OFF _ALPHATEST_ON pd=UNITY_NO_SCREENSPACE_SHADOWS UNITY_NO_LINEAR_COLORSPACE ok=1
Cmd: compileSnippet
  api=8 type=0 insize=816 outsize=8003 kw=SPOT SHADOWS_DEPTH SHADOWS_NATIVE _ALPHATEST_ON pd=UNITY_NO_SCREENSPACE_SHADOWS UNITY_NO_LINEAR_COLORSPACE ok=1
Cmd: compileSnippet
  api=1 type=0 insize=816 outsize=1007 kw=DIRECTIONAL_COOKIE SHADOWS_SCREEN _ALPHATEST_ON pd= ok=1
Cmd: compileSnippet
  api=1 type=0 insize=816 outsize=915 kw=POINT SHADOWS_CUBE _ALPHATEST_ON pd= ok=1
Cmd: compileSnippet
  api=8 type=0 insize=816 outsize=7589 kw=POINT SHADOWS_CUBE _ALPHATEST_ON pd=UNITY_NO_SCREENSPACE_SHADOWS UNITY_NO_LINEAR_COLORSPACE ok=1
Cmd: compileSnippet
  api=8 type=0 insize=816 outsize=7589 kw=POINT_COOKIE SHADOWS_CUBE _ALPHATEST_ON pd=UNITY_NO_SCREENSPACE_SHADOWS UNITY_NO_LINEAR_COLORSPACE ok=1
Cmd: compileSnippet
  api=8 type=0 insize=816 outsize=7824 kw=DIRECTIONAL_COOKIE SHADOWS_SCREEN SHADOWS_NATIVE _ALPHATEST_ON pd=UNITY_NO_SCREENSPACE_SHADOWS UNITY_NO_LINEAR_COLORSPACE ok=1
Cmd: compileSnippet
  api=1 type=1 insize=816 outsize=838 kw=POINT SHADOWS_OFF _ALPHATEST_ON pd= ok=1
Cmd: compileSnippet
  api=8 type=1 insize=816 outsize=4623 kw=POINT SHADOWS_OFF _ALPHATEST_ON pd=UNITY_NO_SCREENSPACE_SHADOWS UNITY_NO_LINEAR_COLORSPACE ok=1
Cmd: compileSnippet
  api=8 type=1 insize=816 outsize=4128 kw=DIRECTIONAL SHADOWS_OFF _ALPHATEST_ON pd=UNITY_NO_SCREENSPACE_SHADOWS UNITY_NO_LINEAR_COLORSPACE ok=1
Cmd: compileSnippet
  api=4 type=1 insize=816 outsize=3573 kw=SPOT SHADOWS_OFF _ALPHATEST_ON pd= ok=1
Cmd: compileSnippet
  api=1 type=1 insize=816 outsize=888 kw=POINT_COOKIE SHADOWS_OFF _ALPHATEST_ON pd= ok=1
Cmd: compileSnippet
  api=8 type=1 insize=816 outsize=4908 kw=POINT_COOKIE SHADOWS_OFF _ALPHATEST_ON pd=UNITY_NO_SCREENSPACE_SHADOWS UNITY_NO_LINEAR_COLORSPACE ok=1
Cmd: compileSnippet
  api=4 type=1 insize=816 outsize=3021 kw=DIRECTIONAL_COOKIE SHADOWS_OFF _ALPHATEST_ON pd= ok=1
Cmd: compileSnippet
  api=1 type=1 insize=816 outsize=1057 kw=SPOT SHADOWS_DEPTH SHADOWS_NATIVE _ALPHATEST_ON pd= ok=1
Cmd: compileSnippet
  api=8 type=1 insize=816 outsize=6151 kw=SPOT SHADOWS_DEPTH SHADOWS_NATIVE _ALPHATEST_ON pd=UNITY_NO_SCREENSPACE_SHADOWS UNITY_NO_LINEAR_COLORSPACE ok=1
Cmd: compileSnippet
  api=1 type=1 insize=816 outsize=866 kw=DIRECTIONAL_COOKIE SHADOWS_SCREEN _ALPHATEST_ON pd= ok=1
Cmd: compileSnippet
  api=1 type=1 insize=816 outsize=1032 kw=POINT SHADOWS_CUBE _ALPHATEST_ON pd= ok=1
Cmd: compileSnippet
  api=8 type=1 insize=816 outsize=5696 kw=POINT SHADOWS_CUBE _ALPHATEST_ON pd=UNITY_NO_SCREENSPACE_SHADOWS UNITY_NO_LINEAR_COLORSPACE ok=1
Cmd: compileSnippet
  api=4 type=1 insize=816 outsize=3947 kw=POINT_COOKIE SHADOWS_CUBE _ALPHATEST_ON pd= ok=1
Cmd: compileSnippet
  api=8 type=1 insize=816 outsize=4843 kw=DIRECTIONAL SHADOWS_SCREEN SHADOWS_NATIVE _ALPHATEST_ON pd=UNITY_NO_SCREENSPACE_SHADOWS UNITY_NO_LINEAR_COLORSPACE ok=1
Cmd: compileSnippet
  api=1 type=0 insize=600 outsize=878 kw=SHADOWS_DEPTH _ALPHATEST_ON pd= ok=1
Cmd: compileSnippet
  api=8 type=0 insize=600 outsize=5728 kw=SHADOWS_DEPTH _ALPHATEST_ON pd=UNITY_NO_SCREENSPACE_SHADOWS UNITY_NO_LINEAR_COLORSPACE ok=1
Cmd: compileSnippet
  api=1 type=1 insize=600 outsize=159 kw=SHADOWS_DEPTH _ALPHATEST_ON pd= ok=1
Cmd: compileSnippet
  api=8 type=1 insize=600 outsize=1251 kw=SHADOWS_DEPTH _ALPHATEST_ON pd=UNITY_NO_SCREENSPACE_SHADOWS UNITY_NO_LINEAR_COLORSPACE ok=1
Cmd: compileSnippet
  api=4 type=1 insize=600 outsize=1038 kw=SHADOWS_CUBE _ALPHATEST_ON pd= ok=1
Cmd: compileSnippet
  api=1 type=0 insize=788 outsize=361 kw=SHADOWS_DEPTH pd= ok=1
Cmd: compileSnippet
  api=1 type=0 insize=788 outsize=216 kw=SHADOWS_CUBE pd= ok=1
Cmd: compileSnippet
  api=4 type=0 insize=788 outsize=1639 kw=SHADOWS_CUBE pd= ok=1
Cmd: compileSnippet
  api=1 type=1 insize=788 outsize=156 kw=SHADOWS_DEPTH pd= ok=1
Cmd: compileSnippet
  api=1 type=1 insize=788 outsize=192 kw=SHADOWS_CUBE pd= ok=1
Cmd: compileSnippet
  api=4 type=1 insize=788 outsize=1111 kw=SHADOWS_CUBE pd= ok=1
Cmd: compileSnippet
  api=1 type=0 insize=828 outsize=493 kw=SHADOWS_NATIVE pd= ok=1
Cmd: compileSnippet
  api=8 type=0 insize=828 outsize=5005 kw=SHADOWS_NATIVE pd=UNITY_NO_SCREENSPACE_SHADOWS UNITY_NO_LINEAR_COLORSPACE ok=1
Cmd: compileSnippet
  api=8 type=0 insize=828 outsize=5005 kw=SHADOWS_SPLIT_SPHERES SHADOWS_NATIVE pd=UNITY_NO_SCREENSPACE_SHADOWS UNITY_NO_LINEAR_COLORSPACE ok=1
Cmd: compileSnippet
  api=8 type=0 insize=828 outsize=5005 kw=SHADOWS_NATIVE SHADOWS_SINGLE_CASCADE pd=UNITY_NO_SCREENSPACE_SHADOWS UNITY_NO_LINEAR_COLORSPACE ok=1
Cmd: compileSnippet
  api=8 type=0 insize=828 outsize=5005 kw=SHADOWS_SPLIT_SPHERES SHADOWS_NATIVE SHADOWS_SINGLE_CASCADE pd=UNITY_NO_SCREENSPACE_SHADOWS UNITY_NO_LINEAR_COLORSPACE ok=1
Cmd: compileSnippet
  api=1 type=1 insize=828 outsize=659 kw=SHADOWS_NATIVE pd= ok=1
Cmd: compileSnippet
  api=1 type=1 insize=828 outsize=958 kw=SHADOWS_SPLIT_SPHERES SHADOWS_NATIVE pd= ok=1
Cmd: compileSnippet
  api=4 type=1 insize=828 outsize=3468 kw=SHADOWS_SPLIT_SPHERES SHADOWS_NATIVE pd= ok=1
Cmd: compileSnippet
  api=1 type=1 insize=828 outsize=659 kw=SHADOWS_NATIVE SHADOWS_SINGLE_CASCADE pd= ok=1
Cmd: compileSnippet
  api=4 type=1 insize=828 outsize=2720 kw=SHADOWS_NATIVE SHADOWS_SINGLE_CASCADE pd= ok=1
Cmd: compileSnippet
  api=1 type=1 insize=828 outsize=958 kw=SHADOWS_SPLIT_SPHERES SHADOWS_NATIVE SHADOWS_SINGLE_CASCADE pd= ok=1
Cmd: compileSnippet
  api=8 type=1 insize=828 outsize=5273 kw=SHADOWS_SPLIT_SPHERES SHADOWS_NATIVE SHADOWS_SINGLE_CASCADE pd=UNITY_NO_SCREENSPACE_SHADOWS UNITY_NO_LINEAR_COLORSPACE ok=1
Cmd: compileSnippet
  api=1 type=0 insize=5004 outsize=1073 kw= pd= ok=1
Cmd: compileSnippet
  api=1 type=0 insize=5004 outsize=1369 kw=POINT pd= ok=1
Cmd: compileSnippet
  api=4 type=0 insize=5004 outsize=5149 kw=POINT pd= ok=1
Cmd: compileSnippet
  api=1 type=0 insize=5004 outsize=1531 kw=SPOT pd= ok=1
Cmd: compileSnippet
  api=8 type=0 insize=5004 outsize=8271 kw=SPOT pd=UNITY_NO_SCREENSPACE_SHADOWS UNITY_NO_LINEAR_COLORSPACE ok=1
Cmd: compileSnippet
  api=1 type=1 insize=5004 outsize=228 kw= pd= ok=1
Cmd: compileSnippet
  api=8 type=1 insize=5004 outsize=1885 kw= pd=UNITY_NO_SCREENSPACE_SHADOWS UNITY_NO_LINEAR_COLORSPACE ok=1
Cmd: compileSnippet
  api=8 type=1 insize=5004 outsize=1885 kw=POINT pd=UNITY_NO_SCREENSPACE_SHADOWS UNITY_NO_LINEAR_COLORSPACE ok=1
Cmd: compileSnippet
  api=4 type=1 insize=5004 outsize=1331 kw=SPOT pd= ok=1
Cmd: compileSnippet
  api=1 type=0 insize=7384 outsize=580 kw=DIRECTIONAL LIGHTMAP_OFF DIRLIGHTMAP_OFF DYNAMICLIGHTMAP_OFF pd= ok=1
Cmd: compileSnippet
  api=1 type=0 insize=7384 outsize=1087 kw=DIRECTIONAL LIGHTMAP_OFF DIRLIGHTMAP_OFF DYNAMICLIGHTMAP_OFF VERTEXLIGHT_ON pd= ok=1
Cmd: compileSnippet
  api=4 type=0 insize=7384 outsize=5117 kw=DIRECTIONAL LIGHTMAP_OFF DIRLIGHTMAP_OFF DYNAMICLIGHTMAP_OFF VERTEXLIGHT_ON pd= ok=1
Cmd: compileSnippet
  api=1 type=1 insize=7384 outsize=656 kw=DIRECTIONAL LIGHTMAP_OFF DIRLIGHTMAP_OFF DYNAMICLIGHTMAP_OFF pd= ok=1
Cmd: compileSnippet
  api=1 type=0 insize=4155 outsize=339 kw=POINT pd= ok=1
Cmd: compileSnippet
  api=1 type=0 insize=4155 outsize=339 kw=DIRECTIONAL pd= ok=1
Cmd: compileSnippet
  api=4 type=0 insize=4155 outsize=2753 kw=DIRECTIONAL pd= ok=1
Cmd: compileSnippet
  api=1 type=0 insize=4155 outsize=339 kw=SPOT pd= ok=1
Cmd: compileSnippet
  api=8 type=0 insize=4155 outsize=3892 kw=SPOT pd=UNITY_NO_SCREENSPACE_SHADOWS UNITY_NO_LINEAR_COLORSPACE ok=1
Cmd: compileSnippet
  api=8 type=0 insize=4155 outsize=3892 kw=POINT_COOKIE pd=UNITY_NO_SCREENSPACE_SHADOWS UNITY_NO_LINEAR_COLORSPACE ok=1
Cmd: compileSnippet
  api=4 type=0 insize=4155 outsize=2753 kw=DIRECTIONAL_COOKIE pd= ok=1
Cmd: compileSnippet
  api=1 type=1 insize=4155 outsize=803 kw=POINT pd= ok=1
Cmd: compileSnippet
  api=1 type=1 insize=4155 outsize=601 kw=DIRECTIONAL pd= ok=1
Cmd: compileSnippet
  api=8 type=1 insize=4155 outsize=3153 kw=DIRECTIONAL pd=UNITY_NO_SCREENSPACE_SHADOWS UNITY_NO_LINEAR_COLORSPACE ok=1
Cmd: compileSnippet
  api=4 type=1 insize=4155 outsize=3273 kw=SPOT pd= ok=1
Cmd: compileSnippet
  api=1 type=1 insize=4155 outsize=853 kw=POINT_COOKIE pd= ok=1
Cmd: compileSnippet
  api=8 type=1 insize=4155 outsize=4599 kw=POINT_COOKIE pd=UNITY_NO_SCREENSPACE_SHADOWS UNITY_NO_LINEAR_COLORSPACE ok=1
Cmd: compileSnippet
  api=8 type=1 insize=4155 outsize=3924 kw=DIRECTIONAL_COOKIE pd=UNITY_NO_SCREENSPACE_SHADOWS UNITY_NO_LINEAR_COLORSPACE ok=1
Cmd: compileSnippet
  api=1 type=0 insize=1454 outsize=169 kw= pd= ok=1
Cmd: compileSnippet
  api=1 type=1 insize=1454 outsize=246 kw= pd= ok=1
Cmd: compileSnippet
  api=1 type=0 insize=1250 outsize=169 kw= pd= ok=1
Cmd: compileSnippet
  api=1 type=1 insize=1250 outsize=221 kw= pd= ok=1
Cmd: compileSnippet
  api=1 type=0 insize=1261 outsize=169 kw= pd= ok=1
Cmd: compileSnippet
  api=1 type=1 insize=1261 outsize=237 kw= pd= ok=1
Cmd: compileSnippet
  api=1 type=0 insize=1574 outsize=214 kw= pd= ok=1
Cmd: compileSnippet
  api=8 type=0 insize=1574 outsize=1771 kw= pd=UNITY_NO_SCREENSPACE_SHADOWS UNITY_NO_LINEAR_COLORSPACE ok=1
Cmd: compileSnippet
  api=1 type=1 insize=1574 outsize=181 kw= pd= ok=1
Cmd: compileSnippet
  api=8 type=1 insize=1574 outsize=1381 kw= pd=UNITY_NO_SCREENSPACE_SHADOWS UNITY_NO_LINEAR_COLORSPACE ok=1
Cmd: compileSnippet
  api=1 type=0 insize=1573 outsize=214 kw= pd= ok=1
Cmd: compileSnippet
  api=8 type=0 insize=1573 outsize=1771 kw= pd=UNITY_NO_SCREENSPACE_SHADOWS UNITY_NO_LINEAR_COLORSPACE ok=1
Cmd: compileSnippet
  api=1 type=1 insize=1573 outsize=181 kw= pd= ok=1
Cmd: compileSnippet
  api=8 type=1 insize=1573 outsize=1381 kw= pd=UNITY_NO_SCREENSPACE_SHADOWS UNITY_NO_LINEAR_COLORSPACE ok=1
Cmd: compileSnippet
  api=1 type=0 insize=1262 outsize=169 kw= pd= ok=1
Cmd: compileSnippet
  api=1 type=1 insize=1262 outsize=167 kw= pd= ok=1
Cmd: compileSnippet
  api=1 type=0 insize=1264 outsize=169 kw= pd= ok=1
Cmd: compileSnippet
  api=1 type=1 insize=1264 outsize=237 kw= pd= ok=1
Cmd: compileSnippet
  api=1 type=0 insize=1644 outsize=169 kw= pd= ok=1
Cmd: compileSnippet
  api=1 type=1 insize=1644 outsize=494 kw= pd= ok=1
Cmd: compileSnippet
  api=1 type=0 insize=1153 outsize=169 kw= pd= ok=1
Cmd: compileSnippet
  api=1 type=1 insize=1153 outsize=130 kw= pd= ok=1
Cmd: compileSnippet
  api=1 type=0 insize=1164 outsize=169 kw= pd= ok=1
Cmd: compileSnippet
  api=1 type=1 insize=1164 outsize=146 kw= pd= ok=1
Cmd: compileSnippet
  api=1 type=0 insize=5309 outsize=488 kw=DIRECTIONAL LIGHTMAP_OFF DIRLIGHTMAP_OFF DYNAMICLIGHTMAP_OFF pd= ok=1
Cmd: compileSnippet
  api=1 type=0 insize=5309 outsize=1034 kw=DIRECTIONAL LIGHTMAP_OFF DIRLIGHTMAP_OFF DYNAMICLIGHTMAP_OFF VERTEXLIGHT_ON pd= ok=1
Cmd: compileSnippet
  api=8 type=0 insize=5309 outsize=6549 kw=DIRECTIONAL LIGHTMAP_OFF DIRLIGHTMAP_OFF DYNAMICLIGHTMAP_OFF VERTEXLIGHT_ON pd=UNITY_NO_SCREENSPACE_SHADOWS UNITY_NO_LINEAR_COLORSPACE ok=1
Cmd: compileSnippet
  api=1 type=1 insize=5309 outsize=656 kw=DIRECTIONAL LIGHTMAP_OFF DIRLIGHTMAP_OFF DYNAMICLIGHTMAP_OFF pd= ok=1
Cmd: compileSnippet
  api=1 type=0 insize=3197 outsize=359 kw=POINT pd= ok=1
Cmd: compileSnippet
  api=1 type=0 insize=3197 outsize=228 kw=DIRECTIONAL pd= ok=1
Cmd: compileSnippet
  api=4 type=0 insize=3197 outsize=1899 kw=DIRECTIONAL pd= ok=1
Cmd: compileSnippet
  api=1 type=0 insize=3197 outsize=378 kw=SPOT pd= ok=1
Cmd: compileSnippet
  api=4 type=0 insize=3197 outsize=2923 kw=SPOT pd= ok=1
Cmd: compileSnippet
  api=1 type=0 insize=3197 outsize=359 kw=POINT_COOKIE pd= ok=1
Cmd: compileSnippet
  api=4 type=0 insize=3197 outsize=2923 kw=POINT_COOKIE pd= ok=1
Cmd: compileSnippet
  api=1 type=0 insize=3197 outsize=335 kw=DIRECTIONAL_COOKIE pd= ok=1
Cmd: compileSnippet
  api=8 type=0 insize=3197 outsize=3624 kw=DIRECTIONAL_COOKIE pd=UNITY_NO_SCREENSPACE_SHADOWS UNITY_NO_LINEAR_COLORSPACE ok=1
Cmd: compileSnippet
  api=1 type=1 insize=3197 outsize=749 kw=POINT pd= ok=1
Cmd: compileSnippet
  api=1 type=1 insize=3197 outsize=645 kw=DIRECTIONAL pd= ok=1
Cmd: compileSnippet
  api=8 type=1 insize=3197 outsize=3250 kw=DIRECTIONAL pd=UNITY_NO_SCREENSPACE_SHADOWS UNITY_NO_LINEAR_COLORSPACE ok=1
Cmd: compileSnippet
  api=4 type=1 insize=3197 outsize=2948 kw=SPOT pd= ok=1
Cmd: compileSnippet
  api=1 type=1 insize=3197 outsize=793 kw=POINT_COOKIE pd= ok=1
Cmd: compileSnippet
  api=8 type=1 insize=3197 outsize=4128 kw=POINT_COOKIE pd=UNITY_NO_SCREENSPACE_SHADOWS UNITY_NO_LINEAR_COLORSPACE ok=1
Cmd: compileSnippet
  api=4 type=1 insize=3197 outsize=2241 kw=DIRECTIONAL_COOKIE pd= ok=1
Cmd: compileSnippet
  api=1 type=0 insize=797 outsize=361 kw=SHADOWS_DEPTH pd= ok=1
Cmd: compileSnippet
  api=1 type=0 insize=797 outsize=216 kw=SHADOWS_CUBE pd= ok=1
Cmd: compileSnippet
  api=4 type=0 insize=797 outsize=1639 kw=SHADOWS_CUBE pd= ok=1
Cmd: compileSnippet
  api=1 type=1 insize=797 outsize=140 kw=SHADOWS_DEPTH pd= ok=1
Cmd: compileSnippet
  api=1 type=1 insize=797 outsize=176 kw=SHADOWS_CUBE pd= ok=1
Cmd: compileSnippet
  api=8 type=1 insize=797 outsize=1341 kw=SHADOWS_CUBE pd=UNITY_NO_SCREENSPACE_SHADOWS UNITY_NO_LINEAR_COLORSPACE ok=1
Cmd: compileSnippet
  api=1 type=0 insize=832 outsize=493 kw=SHADOWS_NATIVE pd= ok=1
Cmd: compileSnippet
  api=8 type=0 insize=832 outsize=5005 kw=SHADOWS_NATIVE pd=UNITY_NO_SCREENSPACE_SHADOWS UNITY_NO_LINEAR_COLORSPACE ok=1
Cmd: compileSnippet
  api=4 type=0 insize=832 outsize=3492 kw=SHADOWS_SPLIT_SPHERES SHADOWS_NATIVE pd= ok=1
Cmd: compileSnippet
  api=1 type=0 insize=832 outsize=493 kw=SHADOWS_NATIVE SHADOWS_SINGLE_CASCADE pd= ok=1
Cmd: compileSnippet
  api=4 type=0 insize=832 outsize=3492 kw=SHADOWS_NATIVE SHADOWS_SINGLE_CASCADE pd= ok=1
Cmd: compileSnippet
  api=1 type=0 insize=832 outsize=493 kw=SHADOWS_SPLIT_SPHERES SHADOWS_NATIVE SHADOWS_SINGLE_CASCADE pd= ok=1
Cmd: compileSnippet
  api=4 type=0 insize=832 outsize=3492 kw=SHADOWS_SPLIT_SPHERES SHADOWS_NATIVE SHADOWS_SINGLE_CASCADE pd= ok=1
Cmd: compileSnippet
  api=4 type=1 insize=832 outsize=2476 kw=SHADOWS_NATIVE pd= ok=1
Cmd: compileSnippet
  api=8 type=1 insize=832 outsize=3762 kw=SHADOWS_NATIVE pd=UNITY_NO_SCREENSPACE_SHADOWS UNITY_NO_LINEAR_COLORSPACE ok=1
Cmd: compileSnippet
  api=8 type=1 insize=832 outsize=4948 kw=SHADOWS_SPLIT_SPHERES SHADOWS_NATIVE pd=UNITY_NO_SCREENSPACE_SHADOWS UNITY_NO_LINEAR_COLORSPACE ok=1
Cmd: compileSnippet
  api=8 type=1 insize=832 outsize=3762 kw=SHADOWS_NATIVE SHADOWS_SINGLE_CASCADE pd=UNITY_NO_SCREENSPACE_SHADOWS UNITY_NO_LINEAR_COLORSPACE ok=1
Cmd: compileSnippet
  api=4 type=1 insize=832 outsize=3224 kw=SHADOWS_SPLIT_SPHERES SHADOWS_NATIVE SHADOWS_SINGLE_CASCADE pd= ok=1
Cmd: compileSnippet
  api=1 type=0 insize=678 outsize=100 kw= pd= ok=1
Cmd: compileSnippet
  api=1 type=1 insize=678 outsize=42 kw= pd= ok=1
Cmd: compileSnippet
  api=1 type=0 insize=1439 outsize=169 kw= pd= ok=1
Cmd: compileSnippet
  api=1 type=1 insize=1439 outsize=212 kw= pd= ok=1
Cmd: compileSnippet
  api=1 type=0 insize=839 outsize=361 kw=SHADOWS_DEPTH pd= ok=1
Cmd: compileSnippet
  api=1 type=0 insize=839 outsize=216 kw=SHADOWS_CUBE pd= ok=1
Cmd: compileSnippet
  api=4 type=0 insize=839 outsize=1639 kw=SHADOWS_CUBE pd= ok=1
Cmd: compileSnippet
  api=1 type=1 insize=839 outsize=319 kw=SHADOWS_DEPTH pd= ok=1
Cmd: compileSnippet
  api=1 type=1 insize=839 outsize=355 kw=SHADOWS_CUBE pd= ok=1
Cmd: compileSnippet
  api=8 type=1 insize=839 outsize=2072 kw=SHADOWS_CUBE pd=UNITY_NO_SCREENSPACE_SHADOWS UNITY_NO_LINEAR_COLORSPACE ok=1
Cmd: compileSnippet
  api=1 type=0 insize=879 outsize=493 kw=SHADOWS_NATIVE pd= ok=1
Cmd: compileSnippet
  api=8 type=0 insize=879 outsize=5005 kw=SHADOWS_NATIVE pd=UNITY_NO_SCREENSPACE_SHADOWS UNITY_NO_LINEAR_COLORSPACE ok=1
Cmd: compileSnippet
  api=8 type=0 insize=879 outsize=5005 kw=SHADOWS_SPLIT_SPHERES SHADOWS_NATIVE pd=UNITY_NO_SCREENSPACE_SHADOWS UNITY_NO_LINEAR_COLORSPACE ok=1
Cmd: compileSnippet
  api=8 type=0 insize=879 outsize=5005 kw=SHADOWS_NATIVE SHADOWS_SINGLE_CASCADE pd=UNITY_NO_SCREENSPACE_SHADOWS UNITY_NO_LINEAR_COLORSPACE ok=1
Cmd: compileSnippet
  api=8 type=0 insize=879 outsize=5005 kw=SHADOWS_SPLIT_SPHERES SHADOWS_NATIVE SHADOWS_SINGLE_CASCADE pd=UNITY_NO_SCREENSPACE_SHADOWS UNITY_NO_LINEAR_COLORSPACE ok=1
Cmd: compileSnippet
  api=1 type=1 insize=879 outsize=850 kw=SHADOWS_NATIVE pd= ok=1
Cmd: compileSnippet
  api=1 type=1 insize=879 outsize=1139 kw=SHADOWS_SPLIT_SPHERES SHADOWS_NATIVE pd= ok=1
Cmd: compileSnippet
  api=4 type=1 insize=879 outsize=3654 kw=SHADOWS_SPLIT_SPHERES SHADOWS_NATIVE pd= ok=1
Cmd: compileSnippet
  api=1 type=1 insize=879 outsize=850 kw=SHADOWS_NATIVE SHADOWS_SINGLE_CASCADE pd= ok=1
Cmd: compileSnippet
  api=8 type=1 insize=879 outsize=4509 kw=SHADOWS_NATIVE SHADOWS_SINGLE_CASCADE pd=UNITY_NO_SCREENSPACE_SHADOWS UNITY_NO_LINEAR_COLORSPACE ok=1
Cmd: compileSnippet
  api=8 type=1 insize=879 outsize=5696 kw=SHADOWS_SPLIT_SPHERES SHADOWS_NATIVE SHADOWS_SINGLE_CASCADE pd=UNITY_NO_SCREENSPACE_SHADOWS UNITY_NO_LINEAR_COLORSPACE ok=1
Cmd: compileSnippet
  api=1 type=0 insize=1666 outsize=169 kw= pd= ok=1
Cmd: compileSnippet
  api=1 type=1 insize=1666 outsize=494 kw= pd= ok=1
Cmd: compileSnippet
  api=1 type=0 insize=1646 outsize=169 kw= pd= ok=1
Cmd: compileSnippet
  api=1 type=1 insize=1646 outsize=494 kw= pd= ok=1
Cmd: compileSnippet
  api=1 type=0 insize=1654 outsize=169 kw= pd= ok=1
Cmd: compileSnippet
  api=1 type=1 insize=1654 outsize=436 kw= pd= ok=1
Cmd: compileSnippet
  api=1 type=0 insize=1410 outsize=169 kw= pd= ok=1
Cmd: compileSnippet
  api=1 type=1 insize=1410 outsize=167 kw= pd= ok=1
Cmd: compileSnippet
  api=1 type=0 insize=1250 outsize=169 kw= pd= ok=1
Cmd: compileSnippet
  api=1 type=1 insize=1250 outsize=221 kw= pd= ok=1
Cmd: compileSnippet
  api=1 type=0 insize=1261 outsize=169 kw= pd= ok=1
Cmd: compileSnippet
  api=8 type=1 insize=1261 outsize=1828 kw= pd=UNITY_NO_SCREENSPACE_SHADOWS UNITY_NO_LINEAR_COLORSPACE ok=1
Cmd: compileSnippet
  api=1 type=0 insize=841 outsize=361 kw=SHADOWS_DEPTH pd= ok=1
Cmd: compileSnippet
  api=1 type=0 insize=841 outsize=216 kw=SHADOWS_CUBE pd= ok=1
Cmd: compileSnippet
  api=4 type=0 insize=841 outsize=1639 kw=SHADOWS_CUBE pd= ok=1
Cmd: compileSnippet
  api=1 type=1 insize=841 outsize=319 kw=SHADOWS_DEPTH pd= ok=1
Cmd: compileSnippet
  api=1 type=1 insize=841 outsize=355 kw=SHADOWS_CUBE pd= ok=1
Cmd: compileSnippet
  api=4 type=1 insize=841 outsize=1298 kw=SHADOWS_CUBE pd= ok=1
Cmd: compileSnippet
  api=1 type=0 insize=883 outsize=493 kw=SHADOWS_NATIVE pd= ok=1
Cmd: compileSnippet
  api=8 type=0 insize=883 outsize=5005 kw=SHADOWS_NATIVE pd=UNITY_NO_SCREENSPACE_SHADOWS UNITY_NO_LINEAR_COLORSPACE ok=1
Cmd: compileSnippet
  api=8 type=0 insize=883 outsize=5005 kw=SHADOWS_SPLIT_SPHERES SHADOWS_NATIVE pd=UNITY_NO_SCREENSPACE_SHADOWS UNITY_NO_LINEAR_COLORSPACE ok=1
Cmd: compileSnippet
  api=8 type=0 insize=883 outsize=5005 kw=SHADOWS_NATIVE SHADOWS_SINGLE_CASCADE pd=UNITY_NO_SCREENSPACE_SHADOWS UNITY_NO_LINEAR_COLORSPACE ok=1
Cmd: compileSnippet
  api=8 type=0 insize=883 outsize=5005 kw=SHADOWS_SPLIT_SPHERES SHADOWS_NATIVE SHADOWS_SINGLE_CASCADE pd=UNITY_NO_SCREENSPACE_SHADOWS UNITY_NO_LINEAR_COLORSPACE ok=1
Cmd: compileSnippet
  api=1 type=1 insize=883 outsize=850 kw=SHADOWS_NATIVE pd= ok=1
Cmd: compileSnippet
  api=1 type=1 insize=883 outsize=1139 kw=SHADOWS_SPLIT_SPHERES SHADOWS_NATIVE pd= ok=1
Cmd: compileSnippet
  api=4 type=1 insize=883 outsize=3654 kw=SHADOWS_SPLIT_SPHERES SHADOWS_NATIVE pd= ok=1
Cmd: compileSnippet
  api=1 type=1 insize=883 outsize=850 kw=SHADOWS_NATIVE SHADOWS_SINGLE_CASCADE pd= ok=1
Cmd: compileSnippet
  api=4 type=1 insize=883 outsize=2907 kw=SHADOWS_NATIVE SHADOWS_SINGLE_CASCADE pd= ok=1
Cmd: compileSnippet
  api=1 type=1 insize=883 outsize=1139 kw=SHADOWS_SPLIT_SPHERES SHADOWS_NATIVE SHADOWS_SINGLE_CASCADE pd= ok=1
Cmd: compileSnippet
  api=4 type=1 insize=883 outsize=3654 kw=SHADOWS_SPLIT_SPHERES SHADOWS_NATIVE SHADOWS_SINGLE_CASCADE pd= ok=1
Cmd: compileSnippet
  api=1 type=0 insize=5299 outsize=488 kw=DIRECTIONAL LIGHTMAP_OFF DIRLIGHTMAP_OFF DYNAMICLIGHTMAP_OFF pd= ok=1
Cmd: compileSnippet
  api=1 type=0 insize=5299 outsize=1034 kw=DIRECTIONAL LIGHTMAP_OFF DIRLIGHTMAP_OFF DYNAMICLIGHTMAP_OFF VERTEXLIGHT_ON pd= ok=1
Cmd: compileSnippet
  api=4 type=0 insize=5299 outsize=4378 kw=DIRECTIONAL LIGHTMAP_OFF DIRLIGHTMAP_OFF DYNAMICLIGHTMAP_OFF VERTEXLIGHT_ON pd= ok=1
Cmd: compileSnippet
  api=1 type=1 insize=5299 outsize=656 kw=DIRECTIONAL LIGHTMAP_OFF DIRLIGHTMAP_OFF DYNAMICLIGHTMAP_OFF pd= ok=1
Cmd: compileSnippet
  api=1 type=0 insize=3180 outsize=359 kw=POINT pd= ok=1
Cmd: compileSnippet
  api=1 type=0 insize=3180 outsize=228 kw=DIRECTIONAL pd= ok=1
Cmd: compileSnippet
  api=4 type=0 insize=3180 outsize=1899 kw=DIRECTIONAL pd= ok=1
Cmd: compileSnippet
  api=1 type=0 insize=3180 outsize=378 kw=SPOT pd= ok=1
Cmd: compileSnippet
  api=8 type=0 insize=3180 outsize=4119 kw=SPOT pd=UNITY_NO_SCREENSPACE_SHADOWS UNITY_NO_LINEAR_COLORSPACE ok=1
Cmd: compileSnippet
  api=8 type=0 insize=3180 outsize=4119 kw=POINT_COOKIE pd=UNITY_NO_SCREENSPACE_SHADOWS UNITY_NO_LINEAR_COLORSPACE ok=1
Cmd: compileSnippet
  api=4 type=0 insize=3180 outsize=2590 kw=DIRECTIONAL_COOKIE pd= ok=1
Cmd: compileSnippet
  api=1 type=1 insize=3180 outsize=749 kw=POINT pd= ok=1
Cmd: compileSnippet
  api=1 type=1 insize=3180 outsize=645 kw=DIRECTIONAL pd= ok=1
Cmd: compileSnippet
  api=4 type=1 insize=3180 outsize=2038 kw=DIRECTIONAL pd= ok=1
Cmd: compileSnippet
  api=1 type=1 insize=3180 outsize=892 kw=SPOT pd= ok=1
Cmd: compileSnippet
  api=8 type=1 insize=3180 outsize=4591 kw=SPOT pd=UNITY_NO_SCREENSPACE_SHADOWS UNITY_NO_LINEAR_COLORSPACE ok=1
Cmd: compileSnippet
  api=8 type=1 insize=3180 outsize=4128 kw=POINT_COOKIE pd=UNITY_NO_SCREENSPACE_SHADOWS UNITY_NO_LINEAR_COLORSPACE ok=1
Cmd: compileSnippet
  api=4 type=1 insize=3180 outsize=2241 kw=DIRECTIONAL_COOKIE pd= ok=1
Cmd: compileSnippet
  api=1 type=0 insize=1371 outsize=169 kw= pd= ok=1
Cmd: compileSnippet
  api=1 type=1 insize=1371 outsize=167 kw= pd= ok=1
